07:46:14.611 LEffectWithDelays started
07:46:14.626 Parameters: Parameters{networkSize=50, networkSizes=[10, 50, 100, 150, 200], offline=true, numTrials=10, alpha=2.0, beta=2.0, threshold=1.0, costFunc=Algorithm.CostFunctions.ExponentialCostFunction@3f89fd4e, serverRatio=0.1, linkBWCapMin=1000.0, linkBWCapMax=10000.0, linkDelayMin=2.0, linkDelayMax=5.0, numRequests=500, L=4, reqBWReqMin=10.0, reqBWReqMax=120.0, reqDelayReqMin=40.0, reqDelayReqMax=200.0, nfvProb=0.1, nfvComputingReqs=[2.0, 3.0, 5.0, 2.0, 6.0, 4.0], nfvRates=[3.0, 5.0, 6.0, 7.0, 8.0, 5.0], nfvOperationalCosts=[3.0, 1.0, 1.0, 5.0, 2.0, 4.0], nfvInitCosts=[30.0, 10.0, 10.0, 50.0, 20.0, 40.0], nfvInitDelays=[60.0, 60.0, 60.0, 90.0, 60.0, 40.0], nfvProcessingDelays=[6.0, 6.0, 6.0, 9.0, 6.0, 4.0]}
07:46:14.662 Network size: 10	L: 3	trial: 0 Algorithm started
07:46:14.998 Network size: 10	L: 3	trial: 0 Algorithm finished
07:46:14.998 Network size: 10	L: 3	trial: 0 Benchmark started
07:46:15.079 Network size: 10	L: 3	trial: 0 Benchmark finished
07:46:15.081 Network size: 10	L: 3	trial: 1 Algorithm started
07:46:15.212 Network size: 10	L: 3	trial: 1 Algorithm finished
07:46:15.212 Network size: 10	L: 3	trial: 1 Benchmark started
07:46:15.237 Network size: 10	L: 3	trial: 1 Benchmark finished
07:46:15.239 Network size: 10	L: 3	trial: 2 Algorithm started
07:46:15.340 Network size: 10	L: 3	trial: 2 Algorithm finished
07:46:15.341 Network size: 10	L: 3	trial: 2 Benchmark started
07:46:15.355 Network size: 10	L: 3	trial: 2 Benchmark finished
07:46:15.356 Network size: 10	L: 3	trial: 3 Algorithm started
07:46:15.464 Network size: 10	L: 3	trial: 3 Algorithm finished
07:46:15.465 Network size: 10	L: 3	trial: 3 Benchmark started
07:46:15.491 Network size: 10	L: 3	trial: 3 Benchmark finished
07:46:15.492 Network size: 10	L: 3	trial: 4 Algorithm started
07:46:15.576 Network size: 10	L: 3	trial: 4 Algorithm finished
07:46:15.577 Network size: 10	L: 3	trial: 4 Benchmark started
07:46:15.604 Network size: 10	L: 3	trial: 4 Benchmark finished
07:46:15.606 Network size: 10	L: 3	trial: 5 Algorithm started
07:46:15.703 Network size: 10	L: 3	trial: 5 Algorithm finished
07:46:15.703 Network size: 10	L: 3	trial: 5 Benchmark started
07:46:15.715 Network size: 10	L: 3	trial: 5 Benchmark finished
07:46:15.716 Network size: 10	L: 3	trial: 6 Algorithm started
07:46:15.810 Network size: 10	L: 3	trial: 6 Algorithm finished
07:46:15.810 Network size: 10	L: 3	trial: 6 Benchmark started
07:46:15.834 Network size: 10	L: 3	trial: 6 Benchmark finished
07:46:15.836 Network size: 10	L: 3	trial: 7 Algorithm started
07:46:15.920 Network size: 10	L: 3	trial: 7 Algorithm finished
07:46:15.922 Network size: 10	L: 3	trial: 7 Benchmark started
07:46:15.942 Network size: 10	L: 3	trial: 7 Benchmark finished
07:46:15.943 Network size: 10	L: 3	trial: 8 Algorithm started
07:46:15.999 Network size: 10	L: 3	trial: 8 Algorithm finished
07:46:15.999 Network size: 10	L: 3	trial: 8 Benchmark started
07:46:16.028 Network size: 10	L: 3	trial: 8 Benchmark finished
07:46:16.032 Network size: 10	L: 3	trial: 9 Algorithm started
07:46:16.117 Network size: 10	L: 3	trial: 9 Algorithm finished
07:46:16.117 Network size: 10	L: 3	trial: 9 Benchmark started
07:46:16.135 Network size: 10	L: 3	trial: 9 Benchmark finished
07:46:16.138 Network size: 50	L: 3	trial: 0 Algorithm started
07:46:16.354 Network size: 50	L: 3	trial: 0 Algorithm finished
07:46:16.355 Network size: 50	L: 3	trial: 0 Benchmark started
07:46:16.495 Network size: 50	L: 3	trial: 0 Benchmark finished
07:46:16.497 Network size: 50	L: 3	trial: 1 Algorithm started
07:46:16.675 Network size: 50	L: 3	trial: 1 Algorithm finished
07:46:16.675 Network size: 50	L: 3	trial: 1 Benchmark started
07:46:16.851 Network size: 50	L: 3	trial: 1 Benchmark finished
07:46:16.854 Network size: 50	L: 3	trial: 2 Algorithm started
07:46:17.066 Network size: 50	L: 3	trial: 2 Algorithm finished
07:46:17.067 Network size: 50	L: 3	trial: 2 Benchmark started
07:46:17.241 Network size: 50	L: 3	trial: 2 Benchmark finished
07:46:17.243 Network size: 50	L: 3	trial: 3 Algorithm started
07:46:17.429 Network size: 50	L: 3	trial: 3 Algorithm finished
07:46:17.429 Network size: 50	L: 3	trial: 3 Benchmark started
07:46:17.563 Network size: 50	L: 3	trial: 3 Benchmark finished
07:46:17.566 Network size: 50	L: 3	trial: 4 Algorithm started
07:46:17.708 Network size: 50	L: 3	trial: 4 Algorithm finished
07:46:17.708 Network size: 50	L: 3	trial: 4 Benchmark started
07:46:17.873 Network size: 50	L: 3	trial: 4 Benchmark finished
07:46:17.874 Network size: 50	L: 3	trial: 5 Algorithm started
07:46:18.013 Network size: 50	L: 3	trial: 5 Algorithm finished
07:46:18.013 Network size: 50	L: 3	trial: 5 Benchmark started
07:46:18.139 Network size: 50	L: 3	trial: 5 Benchmark finished
07:46:18.141 Network size: 50	L: 3	trial: 6 Algorithm started
07:46:18.292 Network size: 50	L: 3	trial: 6 Algorithm finished
07:46:18.292 Network size: 50	L: 3	trial: 6 Benchmark started
07:46:18.472 Network size: 50	L: 3	trial: 6 Benchmark finished
07:46:18.474 Network size: 50	L: 3	trial: 7 Algorithm started
07:46:18.718 Network size: 50	L: 3	trial: 7 Algorithm finished
07:46:18.718 Network size: 50	L: 3	trial: 7 Benchmark started
07:46:18.848 Network size: 50	L: 3	trial: 7 Benchmark finished
07:46:18.850 Network size: 50	L: 3	trial: 8 Algorithm started
07:46:18.949 Network size: 50	L: 3	trial: 8 Algorithm finished
07:46:18.949 Network size: 50	L: 3	trial: 8 Benchmark started
07:46:19.101 Network size: 50	L: 3	trial: 8 Benchmark finished
07:46:19.102 Network size: 50	L: 3	trial: 9 Algorithm started
07:46:19.268 Network size: 50	L: 3	trial: 9 Algorithm finished
07:46:19.269 Network size: 50	L: 3	trial: 9 Benchmark started
07:46:19.437 Network size: 50	L: 3	trial: 9 Benchmark finished
07:46:19.441 Network size: 100	L: 3	trial: 0 Algorithm started
07:46:19.775 Network size: 100	L: 3	trial: 0 Algorithm finished
07:46:19.775 Network size: 100	L: 3	trial: 0 Benchmark started
07:46:20.262 Network size: 100	L: 3	trial: 0 Benchmark finished
07:46:20.264 Network size: 100	L: 3	trial: 1 Algorithm started
07:46:20.607 Network size: 100	L: 3	trial: 1 Algorithm finished
07:46:20.607 Network size: 100	L: 3	trial: 1 Benchmark started
07:46:20.969 Network size: 100	L: 3	trial: 1 Benchmark finished
07:46:20.971 Network size: 100	L: 3	trial: 2 Algorithm started
07:46:21.203 Network size: 100	L: 3	trial: 2 Algorithm finished
07:46:21.203 Network size: 100	L: 3	trial: 2 Benchmark started
07:46:21.682 Network size: 100	L: 3	trial: 2 Benchmark finished
07:46:21.683 Network size: 100	L: 3	trial: 3 Algorithm started
07:46:21.861 Network size: 100	L: 3	trial: 3 Algorithm finished
07:46:21.861 Network size: 100	L: 3	trial: 3 Benchmark started
07:46:22.131 Network size: 100	L: 3	trial: 3 Benchmark finished
07:46:22.134 Network size: 100	L: 3	trial: 4 Algorithm started
07:46:22.366 Network size: 100	L: 3	trial: 4 Algorithm finished
07:46:22.367 Network size: 100	L: 3	trial: 4 Benchmark started
07:46:22.769 Network size: 100	L: 3	trial: 4 Benchmark finished
07:46:22.771 Network size: 100	L: 3	trial: 5 Algorithm started
07:46:23.028 Network size: 100	L: 3	trial: 5 Algorithm finished
07:46:23.028 Network size: 100	L: 3	trial: 5 Benchmark started
07:46:23.414 Network size: 100	L: 3	trial: 5 Benchmark finished
07:46:23.415 Network size: 100	L: 3	trial: 6 Algorithm started
07:46:23.582 Network size: 100	L: 3	trial: 6 Algorithm finished
07:46:23.582 Network size: 100	L: 3	trial: 6 Benchmark started
07:46:23.970 Network size: 100	L: 3	trial: 6 Benchmark finished
07:46:23.971 Network size: 100	L: 3	trial: 7 Algorithm started
07:46:24.115 Network size: 100	L: 3	trial: 7 Algorithm finished
07:46:24.115 Network size: 100	L: 3	trial: 7 Benchmark started
07:46:24.381 Network size: 100	L: 3	trial: 7 Benchmark finished
07:46:24.382 Network size: 100	L: 3	trial: 8 Algorithm started
07:46:24.526 Network size: 100	L: 3	trial: 8 Algorithm finished
07:46:24.526 Network size: 100	L: 3	trial: 8 Benchmark started
07:46:24.822 Network size: 100	L: 3	trial: 8 Benchmark finished
07:46:24.823 Network size: 100	L: 3	trial: 9 Algorithm started
07:46:24.990 Network size: 100	L: 3	trial: 9 Algorithm finished
07:46:24.990 Network size: 100	L: 3	trial: 9 Benchmark started
07:46:25.290 Network size: 100	L: 3	trial: 9 Benchmark finished
07:46:25.291 Network size: 150	L: 3	trial: 0 Algorithm started
07:46:25.610 Network size: 150	L: 3	trial: 0 Algorithm finished
07:46:25.610 Network size: 150	L: 3	trial: 0 Benchmark started
07:46:26.550 Network size: 150	L: 3	trial: 0 Benchmark finished
07:46:26.551 Network size: 150	L: 3	trial: 1 Algorithm started
07:46:26.870 Network size: 150	L: 3	trial: 1 Algorithm finished
07:46:26.870 Network size: 150	L: 3	trial: 1 Benchmark started
07:46:27.605 Network size: 150	L: 3	trial: 1 Benchmark finished
07:46:27.607 Network size: 150	L: 3	trial: 2 Algorithm started
07:46:27.873 Network size: 150	L: 3	trial: 2 Algorithm finished
07:46:27.874 Network size: 150	L: 3	trial: 2 Benchmark started
07:46:28.557 Network size: 150	L: 3	trial: 2 Benchmark finished
07:46:28.559 Network size: 150	L: 3	trial: 3 Algorithm started
07:46:28.874 Network size: 150	L: 3	trial: 3 Algorithm finished
07:46:28.874 Network size: 150	L: 3	trial: 3 Benchmark started
07:46:29.631 Network size: 150	L: 3	trial: 3 Benchmark finished
07:46:29.633 Network size: 150	L: 3	trial: 4 Algorithm started
07:46:29.952 Network size: 150	L: 3	trial: 4 Algorithm finished
07:46:29.952 Network size: 150	L: 3	trial: 4 Benchmark started
07:46:30.588 Network size: 150	L: 3	trial: 4 Benchmark finished
07:46:30.590 Network size: 150	L: 3	trial: 5 Algorithm started
07:46:30.928 Network size: 150	L: 3	trial: 5 Algorithm finished
07:46:30.928 Network size: 150	L: 3	trial: 5 Benchmark started
07:46:31.869 Network size: 150	L: 3	trial: 5 Benchmark finished
07:46:31.870 Network size: 150	L: 3	trial: 6 Algorithm started
07:46:32.202 Network size: 150	L: 3	trial: 6 Algorithm finished
07:46:32.202 Network size: 150	L: 3	trial: 6 Benchmark started
07:46:33.124 Network size: 150	L: 3	trial: 6 Benchmark finished
07:46:33.125 Network size: 150	L: 3	trial: 7 Algorithm started
07:46:33.511 Network size: 150	L: 3	trial: 7 Algorithm finished
07:46:33.511 Network size: 150	L: 3	trial: 7 Benchmark started
07:46:34.312 Network size: 150	L: 3	trial: 7 Benchmark finished
07:46:34.314 Network size: 150	L: 3	trial: 8 Algorithm started
07:46:34.608 Network size: 150	L: 3	trial: 8 Algorithm finished
07:46:34.608 Network size: 150	L: 3	trial: 8 Benchmark started
07:46:35.421 Network size: 150	L: 3	trial: 8 Benchmark finished
07:46:35.423 Network size: 150	L: 3	trial: 9 Algorithm started
07:46:35.661 Network size: 150	L: 3	trial: 9 Algorithm finished
07:46:35.661 Network size: 150	L: 3	trial: 9 Benchmark started
07:46:36.143 Network size: 150	L: 3	trial: 9 Benchmark finished
07:46:36.144 Network size: 200	L: 3	trial: 0 Algorithm started
07:46:36.546 Network size: 200	L: 3	trial: 0 Algorithm finished
07:46:36.546 Network size: 200	L: 3	trial: 0 Benchmark started
07:46:37.752 Network size: 200	L: 3	trial: 0 Benchmark finished
07:46:37.753 Network size: 200	L: 3	trial: 1 Algorithm started
07:46:38.145 Network size: 200	L: 3	trial: 1 Algorithm finished
07:46:38.146 Network size: 200	L: 3	trial: 1 Benchmark started
07:46:39.171 Network size: 200	L: 3	trial: 1 Benchmark finished
07:46:39.173 Network size: 200	L: 3	trial: 2 Algorithm started
07:46:39.723 Network size: 200	L: 3	trial: 2 Algorithm finished
07:46:39.723 Network size: 200	L: 3	trial: 2 Benchmark started
07:46:41.618 Network size: 200	L: 3	trial: 2 Benchmark finished
07:46:41.619 Network size: 200	L: 3	trial: 3 Algorithm started
07:46:41.991 Network size: 200	L: 3	trial: 3 Algorithm finished
07:46:41.991 Network size: 200	L: 3	trial: 3 Benchmark started
07:46:43.035 Network size: 200	L: 3	trial: 3 Benchmark finished
07:46:43.037 Network size: 200	L: 3	trial: 4 Algorithm started
07:46:43.446 Network size: 200	L: 3	trial: 4 Algorithm finished
07:46:43.446 Network size: 200	L: 3	trial: 4 Benchmark started
07:46:44.608 Network size: 200	L: 3	trial: 4 Benchmark finished
07:46:44.610 Network size: 200	L: 3	trial: 5 Algorithm started
07:46:44.999 Network size: 200	L: 3	trial: 5 Algorithm finished
07:46:45.000 Network size: 200	L: 3	trial: 5 Benchmark started
07:46:46.101 Network size: 200	L: 3	trial: 5 Benchmark finished
07:46:46.103 Network size: 200	L: 3	trial: 6 Algorithm started
07:46:46.574 Network size: 200	L: 3	trial: 6 Algorithm finished
07:46:46.574 Network size: 200	L: 3	trial: 6 Benchmark started
07:46:47.870 Network size: 200	L: 3	trial: 6 Benchmark finished
07:46:47.871 Network size: 200	L: 3	trial: 7 Algorithm started
07:46:48.274 Network size: 200	L: 3	trial: 7 Algorithm finished
07:46:48.274 Network size: 200	L: 3	trial: 7 Benchmark started
07:46:49.399 Network size: 200	L: 3	trial: 7 Benchmark finished
07:46:49.400 Network size: 200	L: 3	trial: 8 Algorithm started
07:46:49.942 Network size: 200	L: 3	trial: 8 Algorithm finished
07:46:49.942 Network size: 200	L: 3	trial: 8 Benchmark started
07:46:51.548 Network size: 200	L: 3	trial: 8 Benchmark finished
07:46:51.550 Network size: 200	L: 3	trial: 9 Algorithm started
07:46:51.977 Network size: 200	L: 3	trial: 9 Algorithm finished
07:46:51.977 Network size: 200	L: 3	trial: 9 Benchmark started
07:46:53.231 Network size: 200	L: 3	trial: 9 Benchmark finished
07:46:53.232 L:3 Cost
07:46:53.232 10 0.9419871752592202 1.1542754205724632
07:46:53.232 50 1.1062730103136036 1.9564369353320392
07:46:53.232 100 1.1585043522083613 2.1502975018569654
07:46:53.232 150 1.2191410904626028 2.045267943069611
07:46:53.232 200 1.274785453957654 2.2843037908597013
07:46:53.232 L:3 Running time
07:46:53.232 10 1641.0077320470773 356.3985489050994
07:46:53.232 50 3351.8860331531105 2954.9434740837614
07:46:53.233 100 3425.2987457690747 6077.240932874826
07:46:53.233 150 5028.201080134937 9314.62338101786
07:46:53.233 200 8672.173121621505 24070.38892957857
07:46:53.233 Network size: 10	L: 4	trial: 0 Algorithm started
07:46:53.265 Network size: 10	L: 4	trial: 0 Algorithm finished
07:46:53.265 Network size: 10	L: 4	trial: 0 Benchmark started
07:46:53.282 Network size: 10	L: 4	trial: 0 Benchmark finished
07:46:53.283 Network size: 10	L: 4	trial: 1 Algorithm started
07:46:53.325 Network size: 10	L: 4	trial: 1 Algorithm finished
07:46:53.325 Network size: 10	L: 4	trial: 1 Benchmark started
07:46:53.333 Network size: 10	L: 4	trial: 1 Benchmark finished
07:46:53.334 Network size: 10	L: 4	trial: 2 Algorithm started
07:46:53.380 Network size: 10	L: 4	trial: 2 Algorithm finished
07:46:53.380 Network size: 10	L: 4	trial: 2 Benchmark started
07:46:53.391 Network size: 10	L: 4	trial: 2 Benchmark finished
07:46:53.392 Network size: 10	L: 4	trial: 3 Algorithm started
07:46:53.489 Network size: 10	L: 4	trial: 3 Algorithm finished
07:46:53.489 Network size: 10	L: 4	trial: 3 Benchmark started
07:46:53.497 Network size: 10	L: 4	trial: 3 Benchmark finished
07:46:53.505 Network size: 10	L: 4	trial: 4 Algorithm started
07:46:53.538 Network size: 10	L: 4	trial: 4 Algorithm finished
07:46:53.538 Network size: 10	L: 4	trial: 4 Benchmark started
07:46:53.554 Network size: 10	L: 4	trial: 4 Benchmark finished
07:46:53.555 Network size: 10	L: 4	trial: 5 Algorithm started
07:46:53.574 Network size: 10	L: 4	trial: 5 Algorithm finished
07:46:53.574 Network size: 10	L: 4	trial: 5 Benchmark started
07:46:53.588 Network size: 10	L: 4	trial: 5 Benchmark finished
07:46:53.589 Network size: 10	L: 4	trial: 6 Algorithm started
07:46:53.627 Network size: 10	L: 4	trial: 6 Algorithm finished
07:46:53.627 Network size: 10	L: 4	trial: 6 Benchmark started
07:46:53.631 Network size: 10	L: 4	trial: 6 Benchmark finished
07:46:53.632 Network size: 10	L: 4	trial: 7 Algorithm started
07:46:53.680 Network size: 10	L: 4	trial: 7 Algorithm finished
07:46:53.680 Network size: 10	L: 4	trial: 7 Benchmark started
07:46:53.696 Network size: 10	L: 4	trial: 7 Benchmark finished
07:46:53.696 Network size: 10	L: 4	trial: 8 Algorithm started
07:46:53.711 Network size: 10	L: 4	trial: 8 Algorithm finished
07:46:53.711 Network size: 10	L: 4	trial: 8 Benchmark started
07:46:53.717 Network size: 10	L: 4	trial: 8 Benchmark finished
07:46:53.717 Network size: 10	L: 4	trial: 9 Algorithm started
07:46:53.759 Network size: 10	L: 4	trial: 9 Algorithm finished
07:46:53.759 Network size: 10	L: 4	trial: 9 Benchmark started
07:46:53.776 Network size: 10	L: 4	trial: 9 Benchmark finished
07:46:53.777 Network size: 50	L: 4	trial: 0 Algorithm started
07:46:53.862 Network size: 50	L: 4	trial: 0 Algorithm finished
07:46:53.862 Network size: 50	L: 4	trial: 0 Benchmark started
07:46:53.937 Network size: 50	L: 4	trial: 0 Benchmark finished
07:46:53.938 Network size: 50	L: 4	trial: 1 Algorithm started
07:46:54.054 Network size: 50	L: 4	trial: 1 Algorithm finished
07:46:54.054 Network size: 50	L: 4	trial: 1 Benchmark started
07:46:54.169 Network size: 50	L: 4	trial: 1 Benchmark finished
07:46:54.170 Network size: 50	L: 4	trial: 2 Algorithm started
07:46:54.272 Network size: 50	L: 4	trial: 2 Algorithm finished
07:46:54.272 Network size: 50	L: 4	trial: 2 Benchmark started
07:46:54.392 Network size: 50	L: 4	trial: 2 Benchmark finished
07:46:54.393 Network size: 50	L: 4	trial: 3 Algorithm started
07:46:54.600 Network size: 50	L: 4	trial: 3 Algorithm finished
07:46:54.600 Network size: 50	L: 4	trial: 3 Benchmark started
07:46:54.731 Network size: 50	L: 4	trial: 3 Benchmark finished
07:46:54.732 Network size: 50	L: 4	trial: 4 Algorithm started
07:46:54.809 Network size: 50	L: 4	trial: 4 Algorithm finished
07:46:54.809 Network size: 50	L: 4	trial: 4 Benchmark started
07:46:54.898 Network size: 50	L: 4	trial: 4 Benchmark finished
07:46:54.899 Network size: 50	L: 4	trial: 5 Algorithm started
07:46:54.966 Network size: 50	L: 4	trial: 5 Algorithm finished
07:46:54.966 Network size: 50	L: 4	trial: 5 Benchmark started
07:46:55.046 Network size: 50	L: 4	trial: 5 Benchmark finished
07:46:55.047 Network size: 50	L: 4	trial: 6 Algorithm started
07:46:55.121 Network size: 50	L: 4	trial: 6 Algorithm finished
07:46:55.121 Network size: 50	L: 4	trial: 6 Benchmark started
07:46:55.219 Network size: 50	L: 4	trial: 6 Benchmark finished
07:46:55.220 Network size: 50	L: 4	trial: 7 Algorithm started
07:46:55.314 Network size: 50	L: 4	trial: 7 Algorithm finished
07:46:55.314 Network size: 50	L: 4	trial: 7 Benchmark started
07:46:55.428 Network size: 50	L: 4	trial: 7 Benchmark finished
07:46:55.428 Network size: 50	L: 4	trial: 8 Algorithm started
07:46:55.507 Network size: 50	L: 4	trial: 8 Algorithm finished
07:46:55.507 Network size: 50	L: 4	trial: 8 Benchmark started
07:46:55.606 Network size: 50	L: 4	trial: 8 Benchmark finished
07:46:55.607 Network size: 50	L: 4	trial: 9 Algorithm started
07:46:55.680 Network size: 50	L: 4	trial: 9 Algorithm finished
07:46:55.680 Network size: 50	L: 4	trial: 9 Benchmark started
07:46:55.779 Network size: 50	L: 4	trial: 9 Benchmark finished
07:46:55.779 Network size: 100	L: 4	trial: 0 Algorithm started
07:46:55.949 Network size: 100	L: 4	trial: 0 Algorithm finished
07:46:55.949 Network size: 100	L: 4	trial: 0 Benchmark started
07:46:56.253 Network size: 100	L: 4	trial: 0 Benchmark finished
07:46:56.254 Network size: 100	L: 4	trial: 1 Algorithm started
07:46:56.437 Network size: 100	L: 4	trial: 1 Algorithm finished
07:46:56.437 Network size: 100	L: 4	trial: 1 Benchmark started
07:46:56.833 Network size: 100	L: 4	trial: 1 Benchmark finished
07:46:56.834 Network size: 100	L: 4	trial: 2 Algorithm started
07:46:57.231 Network size: 100	L: 4	trial: 2 Algorithm finished
07:46:57.231 Network size: 100	L: 4	trial: 2 Benchmark started
07:46:57.844 Network size: 100	L: 4	trial: 2 Benchmark finished
07:46:57.845 Network size: 100	L: 4	trial: 3 Algorithm started
07:46:57.966 Network size: 100	L: 4	trial: 3 Algorithm finished
07:46:57.966 Network size: 100	L: 4	trial: 3 Benchmark started
07:46:58.183 Network size: 100	L: 4	trial: 3 Benchmark finished
07:46:58.184 Network size: 100	L: 4	trial: 4 Algorithm started
07:46:58.370 Network size: 100	L: 4	trial: 4 Algorithm finished
07:46:58.371 Network size: 100	L: 4	trial: 4 Benchmark started
07:46:58.736 Network size: 100	L: 4	trial: 4 Benchmark finished
07:46:58.737 Network size: 100	L: 4	trial: 5 Algorithm started
07:46:58.936 Network size: 100	L: 4	trial: 5 Algorithm finished
07:46:58.936 Network size: 100	L: 4	trial: 5 Benchmark started
07:46:59.400 Network size: 100	L: 4	trial: 5 Benchmark finished
07:46:59.401 Network size: 100	L: 4	trial: 6 Algorithm started
07:46:59.668 Network size: 100	L: 4	trial: 6 Algorithm finished
07:46:59.668 Network size: 100	L: 4	trial: 6 Benchmark started
07:47:00.416 Network size: 100	L: 4	trial: 6 Benchmark finished
07:47:00.421 Network size: 100	L: 4	trial: 7 Algorithm started
07:47:00.870 Network size: 100	L: 4	trial: 7 Algorithm finished
07:47:00.870 Network size: 100	L: 4	trial: 7 Benchmark started
07:47:01.427 Network size: 100	L: 4	trial: 7 Benchmark finished
07:47:01.428 Network size: 100	L: 4	trial: 8 Algorithm started
07:47:01.672 Network size: 100	L: 4	trial: 8 Algorithm finished
07:47:01.672 Network size: 100	L: 4	trial: 8 Benchmark started
07:47:02.117 Network size: 100	L: 4	trial: 8 Benchmark finished
07:47:02.118 Network size: 100	L: 4	trial: 9 Algorithm started
07:47:02.448 Network size: 100	L: 4	trial: 9 Algorithm finished
07:47:02.448 Network size: 100	L: 4	trial: 9 Benchmark started
07:47:03.027 Network size: 100	L: 4	trial: 9 Benchmark finished
07:47:03.028 Network size: 150	L: 4	trial: 0 Algorithm started
07:47:03.321 Network size: 150	L: 4	trial: 0 Algorithm finished
07:47:03.321 Network size: 150	L: 4	trial: 0 Benchmark started
07:47:03.993 Network size: 150	L: 4	trial: 0 Benchmark finished
07:47:03.994 Network size: 150	L: 4	trial: 1 Algorithm started
07:47:04.523 Network size: 150	L: 4	trial: 1 Algorithm finished
07:47:04.523 Network size: 150	L: 4	trial: 1 Benchmark started
07:47:05.595 Network size: 150	L: 4	trial: 1 Benchmark finished
07:47:05.597 Network size: 150	L: 4	trial: 2 Algorithm started
07:47:06.025 Network size: 150	L: 4	trial: 2 Algorithm finished
07:47:06.025 Network size: 150	L: 4	trial: 2 Benchmark started
07:47:06.665 Network size: 150	L: 4	trial: 2 Benchmark finished
07:47:06.666 Network size: 150	L: 4	trial: 3 Algorithm started
07:47:06.974 Network size: 150	L: 4	trial: 3 Algorithm finished
07:47:06.974 Network size: 150	L: 4	trial: 3 Benchmark started
07:47:07.691 Network size: 150	L: 4	trial: 3 Benchmark finished
07:47:07.693 Network size: 150	L: 4	trial: 4 Algorithm started
07:47:08.062 Network size: 150	L: 4	trial: 4 Algorithm finished
07:47:08.062 Network size: 150	L: 4	trial: 4 Benchmark started
07:47:08.864 Network size: 150	L: 4	trial: 4 Benchmark finished
07:47:08.865 Network size: 150	L: 4	trial: 5 Algorithm started
07:47:09.139 Network size: 150	L: 4	trial: 5 Algorithm finished
07:47:09.139 Network size: 150	L: 4	trial: 5 Benchmark started
07:47:09.769 Network size: 150	L: 4	trial: 5 Benchmark finished
07:47:09.770 Network size: 150	L: 4	trial: 6 Algorithm started
07:47:10.056 Network size: 150	L: 4	trial: 6 Algorithm finished
07:47:10.056 Network size: 150	L: 4	trial: 6 Benchmark started
07:47:10.726 Network size: 150	L: 4	trial: 6 Benchmark finished
07:47:10.727 Network size: 150	L: 4	trial: 7 Algorithm started
07:47:11.095 Network size: 150	L: 4	trial: 7 Algorithm finished
07:47:11.095 Network size: 150	L: 4	trial: 7 Benchmark started
07:47:11.971 Network size: 150	L: 4	trial: 7 Benchmark finished
07:47:11.972 Network size: 150	L: 4	trial: 8 Algorithm started
07:47:12.397 Network size: 150	L: 4	trial: 8 Algorithm finished
07:47:12.397 Network size: 150	L: 4	trial: 8 Benchmark started
07:47:13.334 Network size: 150	L: 4	trial: 8 Benchmark finished
07:47:13.336 Network size: 150	L: 4	trial: 9 Algorithm started
07:47:13.619 Network size: 150	L: 4	trial: 9 Algorithm finished
07:47:13.619 Network size: 150	L: 4	trial: 9 Benchmark started
07:47:14.162 Network size: 150	L: 4	trial: 9 Benchmark finished
07:47:14.163 Network size: 200	L: 4	trial: 0 Algorithm started
07:47:14.761 Network size: 200	L: 4	trial: 0 Algorithm finished
07:47:14.761 Network size: 200	L: 4	trial: 0 Benchmark started
07:47:16.177 Network size: 200	L: 4	trial: 0 Benchmark finished
07:47:16.179 Network size: 200	L: 4	trial: 1 Algorithm started
07:47:16.793 Network size: 200	L: 4	trial: 1 Algorithm finished
07:47:16.793 Network size: 200	L: 4	trial: 1 Benchmark started
07:47:17.961 Network size: 200	L: 4	trial: 1 Benchmark finished
07:47:17.962 Network size: 200	L: 4	trial: 2 Algorithm started
07:47:18.373 Network size: 200	L: 4	trial: 2 Algorithm finished
07:47:18.373 Network size: 200	L: 4	trial: 2 Benchmark started
07:47:19.339 Network size: 200	L: 4	trial: 2 Benchmark finished
07:47:19.340 Network size: 200	L: 4	trial: 3 Algorithm started
07:47:19.780 Network size: 200	L: 4	trial: 3 Algorithm finished
07:47:19.780 Network size: 200	L: 4	trial: 3 Benchmark started
07:47:20.882 Network size: 200	L: 4	trial: 3 Benchmark finished
07:47:20.883 Network size: 200	L: 4	trial: 4 Algorithm started
07:47:21.674 Network size: 200	L: 4	trial: 4 Algorithm finished
07:47:21.674 Network size: 200	L: 4	trial: 4 Benchmark started
07:47:23.678 Network size: 200	L: 4	trial: 4 Benchmark finished
07:47:23.679 Network size: 200	L: 4	trial: 5 Algorithm started
07:47:24.262 Network size: 200	L: 4	trial: 5 Algorithm finished
07:47:24.262 Network size: 200	L: 4	trial: 5 Benchmark started
07:47:25.639 Network size: 200	L: 4	trial: 5 Benchmark finished
07:47:25.641 Network size: 200	L: 4	trial: 6 Algorithm started
07:47:26.354 Network size: 200	L: 4	trial: 6 Algorithm finished
07:47:26.354 Network size: 200	L: 4	trial: 6 Benchmark started
07:47:27.760 Network size: 200	L: 4	trial: 6 Benchmark finished
07:47:27.762 Network size: 200	L: 4	trial: 7 Algorithm started
07:47:28.892 Network size: 200	L: 4	trial: 7 Algorithm finished
07:47:28.892 Network size: 200	L: 4	trial: 7 Benchmark started
07:47:31.037 Network size: 200	L: 4	trial: 7 Benchmark finished
07:47:31.039 Network size: 200	L: 4	trial: 8 Algorithm started
07:47:32.012 Network size: 200	L: 4	trial: 8 Algorithm finished
07:47:32.012 Network size: 200	L: 4	trial: 8 Benchmark started
07:47:33.985 Network size: 200	L: 4	trial: 8 Benchmark finished
07:47:33.987 Network size: 200	L: 4	trial: 9 Algorithm started
07:47:34.504 Network size: 200	L: 4	trial: 9 Algorithm finished
07:47:34.504 Network size: 200	L: 4	trial: 9 Benchmark started
07:47:35.789 Network size: 200	L: 4	trial: 9 Benchmark finished
07:47:35.789 L:4 Cost
07:47:35.789 10 1.7010959027597843 3.381885630735866
07:47:35.790 50 1.8330540297630273 3.8978141113149403
07:47:35.790 100 1.9139687934568645 3.84075950993814
07:47:35.790 150 1.9620570969687507 3.6953160622463774
07:47:35.790 200 2.0840409808729032 3.6238203296866085
07:47:35.790 L:4 Running time
07:47:35.790 10 829.6304645892144 305.23898824253536
07:47:35.790 50 1293.8984220031175 1889.0860470204236
07:47:35.790 100 6610.398761237103 12079.802166106438
07:47:35.790 150 6148.425014992005 10114.352041725047
07:47:35.790 200 10763.99573576285 25367.041469344364
07:47:35.791 Network size: 10	L: 5	trial: 0 Algorithm started
07:47:35.808 Network size: 10	L: 5	trial: 0 Algorithm finished
07:47:35.808 Network size: 10	L: 5	trial: 0 Benchmark started
07:47:35.814 Network size: 10	L: 5	trial: 0 Benchmark finished
07:47:35.814 Network size: 10	L: 5	trial: 1 Algorithm started
07:47:35.901 Network size: 10	L: 5	trial: 1 Algorithm finished
07:47:35.901 Network size: 10	L: 5	trial: 1 Benchmark started
07:47:35.908 Network size: 10	L: 5	trial: 1 Benchmark finished
07:47:35.909 Network size: 10	L: 5	trial: 2 Algorithm started
07:47:35.926 Network size: 10	L: 5	trial: 2 Algorithm finished
07:47:35.926 Network size: 10	L: 5	trial: 2 Benchmark started
07:47:35.930 Network size: 10	L: 5	trial: 2 Benchmark finished
07:47:35.931 Network size: 10	L: 5	trial: 3 Algorithm started
07:47:35.981 Network size: 10	L: 5	trial: 3 Algorithm finished
07:47:35.981 Network size: 10	L: 5	trial: 3 Benchmark started
07:47:35.996 Network size: 10	L: 5	trial: 3 Benchmark finished
07:47:35.997 Network size: 10	L: 5	trial: 4 Algorithm started
07:47:36.053 Network size: 10	L: 5	trial: 4 Algorithm finished
07:47:36.053 Network size: 10	L: 5	trial: 4 Benchmark started
07:47:36.072 Network size: 10	L: 5	trial: 4 Benchmark finished
07:47:36.073 Network size: 10	L: 5	trial: 5 Algorithm started
07:47:36.128 Network size: 10	L: 5	trial: 5 Algorithm finished
07:47:36.128 Network size: 10	L: 5	trial: 5 Benchmark started
07:47:36.149 Network size: 10	L: 5	trial: 5 Benchmark finished
07:47:36.150 Network size: 10	L: 5	trial: 6 Algorithm started
07:47:36.212 Network size: 10	L: 5	trial: 6 Algorithm finished
07:47:36.212 Network size: 10	L: 5	trial: 6 Benchmark started
07:47:36.223 Network size: 10	L: 5	trial: 6 Benchmark finished
07:47:36.224 Network size: 10	L: 5	trial: 7 Algorithm started
07:47:36.264 Network size: 10	L: 5	trial: 7 Algorithm finished
07:47:36.264 Network size: 10	L: 5	trial: 7 Benchmark started
07:47:36.270 Network size: 10	L: 5	trial: 7 Benchmark finished
07:47:36.270 Network size: 10	L: 5	trial: 8 Algorithm started
07:47:36.293 Network size: 10	L: 5	trial: 8 Algorithm finished
07:47:36.293 Network size: 10	L: 5	trial: 8 Benchmark started
07:47:36.299 Network size: 10	L: 5	trial: 8 Benchmark finished
07:47:36.305 Network size: 10	L: 5	trial: 9 Algorithm started
07:47:36.384 Network size: 10	L: 5	trial: 9 Algorithm finished
07:47:36.384 Network size: 10	L: 5	trial: 9 Benchmark started
07:47:36.401 Network size: 10	L: 5	trial: 9 Benchmark finished
07:47:36.402 Network size: 50	L: 5	trial: 0 Algorithm started
07:47:36.532 Network size: 50	L: 5	trial: 0 Algorithm finished
07:47:36.532 Network size: 50	L: 5	trial: 0 Benchmark started
07:47:36.713 Network size: 50	L: 5	trial: 0 Benchmark finished
07:47:36.714 Network size: 50	L: 5	trial: 1 Algorithm started
07:47:36.973 Network size: 50	L: 5	trial: 1 Algorithm finished
07:47:36.973 Network size: 50	L: 5	trial: 1 Benchmark started
07:47:37.166 Network size: 50	L: 5	trial: 1 Benchmark finished
07:47:37.167 Network size: 50	L: 5	trial: 2 Algorithm started
07:47:37.231 Network size: 50	L: 5	trial: 2 Algorithm finished
07:47:37.231 Network size: 50	L: 5	trial: 2 Benchmark started
07:47:37.291 Network size: 50	L: 5	trial: 2 Benchmark finished
07:47:37.292 Network size: 50	L: 5	trial: 3 Algorithm started
07:47:37.363 Network size: 50	L: 5	trial: 3 Algorithm finished
07:47:37.363 Network size: 50	L: 5	trial: 3 Benchmark started
07:47:37.428 Network size: 50	L: 5	trial: 3 Benchmark finished
07:47:37.429 Network size: 50	L: 5	trial: 4 Algorithm started
07:47:37.538 Network size: 50	L: 5	trial: 4 Algorithm finished
07:47:37.538 Network size: 50	L: 5	trial: 4 Benchmark started
07:47:37.650 Network size: 50	L: 5	trial: 4 Benchmark finished
07:47:37.651 Network size: 50	L: 5	trial: 5 Algorithm started
07:47:37.722 Network size: 50	L: 5	trial: 5 Algorithm finished
07:47:37.722 Network size: 50	L: 5	trial: 5 Benchmark started
07:47:37.799 Network size: 50	L: 5	trial: 5 Benchmark finished
07:47:37.799 Network size: 50	L: 5	trial: 6 Algorithm started
07:47:37.875 Network size: 50	L: 5	trial: 6 Algorithm finished
07:47:37.876 Network size: 50	L: 5	trial: 6 Benchmark started
07:47:37.961 Network size: 50	L: 5	trial: 6 Benchmark finished
07:47:37.962 Network size: 50	L: 5	trial: 7 Algorithm started
07:47:38.036 Network size: 50	L: 5	trial: 7 Algorithm finished
07:47:38.036 Network size: 50	L: 5	trial: 7 Benchmark started
07:47:38.113 Network size: 50	L: 5	trial: 7 Benchmark finished
07:47:38.114 Network size: 50	L: 5	trial: 8 Algorithm started
07:47:38.210 Network size: 50	L: 5	trial: 8 Algorithm finished
07:47:38.210 Network size: 50	L: 5	trial: 8 Benchmark started
07:47:38.316 Network size: 50	L: 5	trial: 8 Benchmark finished
07:47:38.317 Network size: 50	L: 5	trial: 9 Algorithm started
07:47:38.431 Network size: 50	L: 5	trial: 9 Algorithm finished
07:47:38.431 Network size: 50	L: 5	trial: 9 Benchmark started
07:47:38.543 Network size: 50	L: 5	trial: 9 Benchmark finished
07:47:38.544 Network size: 100	L: 5	trial: 0 Algorithm started
07:47:38.703 Network size: 100	L: 5	trial: 0 Algorithm finished
07:47:38.703 Network size: 100	L: 5	trial: 0 Benchmark started
07:47:38.973 Network size: 100	L: 5	trial: 0 Benchmark finished
07:47:38.974 Network size: 100	L: 5	trial: 1 Algorithm started
07:47:39.292 Network size: 100	L: 5	trial: 1 Algorithm finished
07:47:39.292 Network size: 100	L: 5	trial: 1 Benchmark started
07:47:39.758 Network size: 100	L: 5	trial: 1 Benchmark finished
07:47:39.759 Network size: 100	L: 5	trial: 2 Algorithm started
07:47:39.888 Network size: 100	L: 5	trial: 2 Algorithm finished
07:47:39.888 Network size: 100	L: 5	trial: 2 Benchmark started
07:47:40.146 Network size: 100	L: 5	trial: 2 Benchmark finished
07:47:40.147 Network size: 100	L: 5	trial: 3 Algorithm started
07:47:40.515 Network size: 100	L: 5	trial: 3 Algorithm finished
07:47:40.515 Network size: 100	L: 5	trial: 3 Benchmark started
07:47:40.943 Network size: 100	L: 5	trial: 3 Benchmark finished
07:47:40.944 Network size: 100	L: 5	trial: 4 Algorithm started
07:47:41.344 Network size: 100	L: 5	trial: 4 Algorithm finished
07:47:41.345 Network size: 100	L: 5	trial: 4 Benchmark started
07:47:41.988 Network size: 100	L: 5	trial: 4 Benchmark finished
07:47:41.989 Network size: 100	L: 5	trial: 5 Algorithm started
07:47:42.221 Network size: 100	L: 5	trial: 5 Algorithm finished
07:47:42.221 Network size: 100	L: 5	trial: 5 Benchmark started
07:47:42.500 Network size: 100	L: 5	trial: 5 Benchmark finished
07:47:42.501 Network size: 100	L: 5	trial: 6 Algorithm started
07:47:42.737 Network size: 100	L: 5	trial: 6 Algorithm finished
07:47:42.737 Network size: 100	L: 5	trial: 6 Benchmark started
07:47:43.062 Network size: 100	L: 5	trial: 6 Benchmark finished
07:47:43.063 Network size: 100	L: 5	trial: 7 Algorithm started
07:47:43.236 Network size: 100	L: 5	trial: 7 Algorithm finished
07:47:43.236 Network size: 100	L: 5	trial: 7 Benchmark started
07:47:43.475 Network size: 100	L: 5	trial: 7 Benchmark finished
07:47:43.476 Network size: 100	L: 5	trial: 8 Algorithm started
07:47:43.809 Network size: 100	L: 5	trial: 8 Algorithm finished
07:47:43.809 Network size: 100	L: 5	trial: 8 Benchmark started
07:47:44.281 Network size: 100	L: 5	trial: 8 Benchmark finished
07:47:44.282 Network size: 100	L: 5	trial: 9 Algorithm started
07:47:44.478 Network size: 100	L: 5	trial: 9 Algorithm finished
07:47:44.478 Network size: 100	L: 5	trial: 9 Benchmark started
07:47:44.802 Network size: 100	L: 5	trial: 9 Benchmark finished
07:47:44.803 Network size: 150	L: 5	trial: 0 Algorithm started
07:47:45.190 Network size: 150	L: 5	trial: 0 Algorithm finished
07:47:45.190 Network size: 150	L: 5	trial: 0 Benchmark started
07:47:45.856 Network size: 150	L: 5	trial: 0 Benchmark finished
07:47:45.857 Network size: 150	L: 5	trial: 1 Algorithm started
07:47:46.409 Network size: 150	L: 5	trial: 1 Algorithm finished
07:47:46.409 Network size: 150	L: 5	trial: 1 Benchmark started
07:47:47.350 Network size: 150	L: 5	trial: 1 Benchmark finished
07:47:47.351 Network size: 150	L: 5	trial: 2 Algorithm started
07:47:47.728 Network size: 150	L: 5	trial: 2 Algorithm finished
07:47:47.728 Network size: 150	L: 5	trial: 2 Benchmark started
07:47:48.350 Network size: 150	L: 5	trial: 2 Benchmark finished
07:47:48.351 Network size: 150	L: 5	trial: 3 Algorithm started
07:47:48.674 Network size: 150	L: 5	trial: 3 Algorithm finished
07:47:48.674 Network size: 150	L: 5	trial: 3 Benchmark started
07:47:49.254 Network size: 150	L: 5	trial: 3 Benchmark finished
07:47:49.256 Network size: 150	L: 5	trial: 4 Algorithm started
07:47:49.909 Network size: 150	L: 5	trial: 4 Algorithm finished
07:47:49.910 Network size: 150	L: 5	trial: 4 Benchmark started
07:47:51.000 Network size: 150	L: 5	trial: 4 Benchmark finished
07:47:51.001 Network size: 150	L: 5	trial: 5 Algorithm started
07:47:51.588 Network size: 150	L: 5	trial: 5 Algorithm finished
07:47:51.588 Network size: 150	L: 5	trial: 5 Benchmark started
07:47:52.674 Network size: 150	L: 5	trial: 5 Benchmark finished
07:47:52.675 Network size: 150	L: 5	trial: 6 Algorithm started
07:47:53.281 Network size: 150	L: 5	trial: 6 Algorithm finished
07:47:53.281 Network size: 150	L: 5	trial: 6 Benchmark started
07:47:54.237 Network size: 150	L: 5	trial: 6 Benchmark finished
07:47:54.238 Network size: 150	L: 5	trial: 7 Algorithm started
07:47:54.582 Network size: 150	L: 5	trial: 7 Algorithm finished
07:47:54.582 Network size: 150	L: 5	trial: 7 Benchmark started
07:47:55.100 Network size: 150	L: 5	trial: 7 Benchmark finished
07:47:55.101 Network size: 150	L: 5	trial: 8 Algorithm started
07:47:55.562 Network size: 150	L: 5	trial: 8 Algorithm finished
07:47:55.563 Network size: 150	L: 5	trial: 8 Benchmark started
07:47:56.368 Network size: 150	L: 5	trial: 8 Benchmark finished
07:47:56.369 Network size: 150	L: 5	trial: 9 Algorithm started
07:47:56.767 Network size: 150	L: 5	trial: 9 Algorithm finished
07:47:56.768 Network size: 150	L: 5	trial: 9 Benchmark started
07:47:57.495 Network size: 150	L: 5	trial: 9 Benchmark finished
07:47:57.496 Network size: 200	L: 5	trial: 0 Algorithm started
07:47:58.181 Network size: 200	L: 5	trial: 0 Algorithm finished
07:47:58.182 Network size: 200	L: 5	trial: 0 Benchmark started
07:47:59.370 Network size: 200	L: 5	trial: 0 Benchmark finished
07:47:59.371 Network size: 200	L: 5	trial: 1 Algorithm started
07:48:00.077 Network size: 200	L: 5	trial: 1 Algorithm finished
07:48:00.077 Network size: 200	L: 5	trial: 1 Benchmark started
07:48:01.426 Network size: 200	L: 5	trial: 1 Benchmark finished
07:48:01.427 Network size: 200	L: 5	trial: 2 Algorithm started
07:48:02.321 Network size: 200	L: 5	trial: 2 Algorithm finished
07:48:02.321 Network size: 200	L: 5	trial: 2 Benchmark started
07:48:03.798 Network size: 200	L: 5	trial: 2 Benchmark finished
07:48:03.800 Network size: 200	L: 5	trial: 3 Algorithm started
07:48:04.350 Network size: 200	L: 5	trial: 3 Algorithm finished
07:48:04.350 Network size: 200	L: 5	trial: 3 Benchmark started
07:48:05.459 Network size: 200	L: 5	trial: 3 Benchmark finished
07:48:05.460 Network size: 200	L: 5	trial: 4 Algorithm started
07:48:06.372 Network size: 200	L: 5	trial: 4 Algorithm finished
07:48:06.372 Network size: 200	L: 5	trial: 4 Benchmark started
07:48:07.909 Network size: 200	L: 5	trial: 4 Benchmark finished
07:48:07.910 Network size: 200	L: 5	trial: 5 Algorithm started
07:48:09.132 Network size: 200	L: 5	trial: 5 Algorithm finished
07:48:09.132 Network size: 200	L: 5	trial: 5 Benchmark started
07:48:11.075 Network size: 200	L: 5	trial: 5 Benchmark finished
07:48:11.076 Network size: 200	L: 5	trial: 6 Algorithm started
07:48:11.921 Network size: 200	L: 5	trial: 6 Algorithm finished
07:48:11.921 Network size: 200	L: 5	trial: 6 Benchmark started
07:48:13.622 Network size: 200	L: 5	trial: 6 Benchmark finished
07:48:13.624 Network size: 200	L: 5	trial: 7 Algorithm started
07:48:14.220 Network size: 200	L: 5	trial: 7 Algorithm finished
07:48:14.220 Network size: 200	L: 5	trial: 7 Benchmark started
07:48:15.461 Network size: 200	L: 5	trial: 7 Benchmark finished
07:48:15.463 Network size: 200	L: 5	trial: 8 Algorithm started
07:48:16.120 Network size: 200	L: 5	trial: 8 Algorithm finished
07:48:16.120 Network size: 200	L: 5	trial: 8 Benchmark started
07:48:17.392 Network size: 200	L: 5	trial: 8 Benchmark finished
07:48:17.393 Network size: 200	L: 5	trial: 9 Algorithm started
07:48:18.187 Network size: 200	L: 5	trial: 9 Algorithm finished
07:48:18.187 Network size: 200	L: 5	trial: 9 Benchmark started
07:48:19.710 Network size: 200	L: 5	trial: 9 Benchmark finished
07:48:19.710 L:5 Cost
07:48:19.710 10 1.922077625664291 2.9926442762612644
07:48:19.710 50 2.1816081268678826 4.442345330450731
07:48:19.711 100 2.2901039438798922 3.7983090600774863
07:48:19.711 150 2.433829190321125 4.072574043939461
07:48:19.711 200 2.3156202637769443 4.068383253639747
07:48:19.711 L:5 Running time
07:48:19.711 10 1571.4392132015776 381.48949276821685
07:48:19.711 50 2210.8552429714464 1973.5236314724661
07:48:19.711 100 4266.978821206051 6215.797655817822
07:48:19.711 150 8459.395805787022 15100.740603411294
07:48:19.711 200 14267.277306893588 25305.13312807161
07:48:19.712 Network size: 10	L: 6	trial: 0 Algorithm started
07:48:19.802 Network size: 10	L: 6	trial: 0 Algorithm finished
07:48:19.803 Network size: 10	L: 6	trial: 0 Benchmark started
07:48:19.817 Network size: 10	L: 6	trial: 0 Benchmark finished
07:48:19.819 Network size: 10	L: 6	trial: 1 Algorithm started
07:48:19.895 Network size: 10	L: 6	trial: 1 Algorithm finished
07:48:19.895 Network size: 10	L: 6	trial: 1 Benchmark started
07:48:19.922 Network size: 10	L: 6	trial: 1 Benchmark finished
07:48:19.923 Network size: 10	L: 6	trial: 2 Algorithm started
07:48:20.012 Network size: 10	L: 6	trial: 2 Algorithm finished
07:48:20.012 Network size: 10	L: 6	trial: 2 Benchmark started
07:48:20.039 Network size: 10	L: 6	trial: 2 Benchmark finished
07:48:20.042 Network size: 10	L: 6	trial: 3 Algorithm started
07:48:20.127 Network size: 10	L: 6	trial: 3 Algorithm finished
07:48:20.127 Network size: 10	L: 6	trial: 3 Benchmark started
07:48:20.143 Network size: 10	L: 6	trial: 3 Benchmark finished
07:48:20.144 Network size: 10	L: 6	trial: 4 Algorithm started
07:48:20.239 Network size: 10	L: 6	trial: 4 Algorithm finished
07:48:20.239 Network size: 10	L: 6	trial: 4 Benchmark started
07:48:20.258 Network size: 10	L: 6	trial: 4 Benchmark finished
07:48:20.261 Network size: 10	L: 6	trial: 5 Algorithm started
07:48:20.336 Network size: 10	L: 6	trial: 5 Algorithm finished
07:48:20.337 Network size: 10	L: 6	trial: 5 Benchmark started
07:48:20.360 Network size: 10	L: 6	trial: 5 Benchmark finished
07:48:20.361 Network size: 10	L: 6	trial: 6 Algorithm started
07:48:20.488 Network size: 10	L: 6	trial: 6 Algorithm finished
07:48:20.489 Network size: 10	L: 6	trial: 6 Benchmark started
07:48:20.504 Network size: 10	L: 6	trial: 6 Benchmark finished
07:48:20.505 Network size: 10	L: 6	trial: 7 Algorithm started
07:48:20.570 Network size: 10	L: 6	trial: 7 Algorithm finished
07:48:20.570 Network size: 10	L: 6	trial: 7 Benchmark started
07:48:20.579 Network size: 10	L: 6	trial: 7 Benchmark finished
07:48:20.579 Network size: 10	L: 6	trial: 8 Algorithm started
07:48:20.651 Network size: 10	L: 6	trial: 8 Algorithm finished
07:48:20.651 Network size: 10	L: 6	trial: 8 Benchmark started
07:48:20.662 Network size: 10	L: 6	trial: 8 Benchmark finished
07:48:20.663 Network size: 10	L: 6	trial: 9 Algorithm started
07:48:20.720 Network size: 10	L: 6	trial: 9 Algorithm finished
07:48:20.720 Network size: 10	L: 6	trial: 9 Benchmark started
07:48:20.753 Network size: 10	L: 6	trial: 9 Benchmark finished
07:48:20.755 Network size: 50	L: 6	trial: 0 Algorithm started
07:48:21.026 Network size: 50	L: 6	trial: 0 Algorithm finished
07:48:21.026 Network size: 50	L: 6	trial: 0 Benchmark started
07:48:21.375 Network size: 50	L: 6	trial: 0 Benchmark finished
07:48:21.376 Network size: 50	L: 6	trial: 1 Algorithm started
07:48:21.494 Network size: 50	L: 6	trial: 1 Algorithm finished
07:48:21.494 Network size: 50	L: 6	trial: 1 Benchmark started
07:48:21.624 Network size: 50	L: 6	trial: 1 Benchmark finished
07:48:21.626 Network size: 50	L: 6	trial: 2 Algorithm started
07:48:21.974 Network size: 50	L: 6	trial: 2 Algorithm finished
07:48:21.974 Network size: 50	L: 6	trial: 2 Benchmark started
07:48:22.170 Network size: 50	L: 6	trial: 2 Benchmark finished
07:48:22.171 Network size: 50	L: 6	trial: 3 Algorithm started
07:48:22.390 Network size: 50	L: 6	trial: 3 Algorithm finished
07:48:22.390 Network size: 50	L: 6	trial: 3 Benchmark started
07:48:22.697 Network size: 50	L: 6	trial: 3 Benchmark finished
07:48:22.698 Network size: 50	L: 6	trial: 4 Algorithm started
07:48:22.812 Network size: 50	L: 6	trial: 4 Algorithm finished
07:48:22.812 Network size: 50	L: 6	trial: 4 Benchmark started
07:48:22.943 Network size: 50	L: 6	trial: 4 Benchmark finished
07:48:22.945 Network size: 50	L: 6	trial: 5 Algorithm started
07:48:23.162 Network size: 50	L: 6	trial: 5 Algorithm finished
07:48:23.162 Network size: 50	L: 6	trial: 5 Benchmark started
07:48:23.312 Network size: 50	L: 6	trial: 5 Benchmark finished
07:48:23.313 Network size: 50	L: 6	trial: 6 Algorithm started
07:48:23.453 Network size: 50	L: 6	trial: 6 Algorithm finished
07:48:23.453 Network size: 50	L: 6	trial: 6 Benchmark started
07:48:23.579 Network size: 50	L: 6	trial: 6 Benchmark finished
07:48:23.580 Network size: 50	L: 6	trial: 7 Algorithm started
07:48:23.695 Network size: 50	L: 6	trial: 7 Algorithm finished
07:48:23.695 Network size: 50	L: 6	trial: 7 Benchmark started
07:48:23.810 Network size: 50	L: 6	trial: 7 Benchmark finished
07:48:23.811 Network size: 50	L: 6	trial: 8 Algorithm started
07:48:23.909 Network size: 50	L: 6	trial: 8 Algorithm finished
07:48:23.909 Network size: 50	L: 6	trial: 8 Benchmark started
07:48:24.001 Network size: 50	L: 6	trial: 8 Benchmark finished
07:48:24.002 Network size: 50	L: 6	trial: 9 Algorithm started
07:48:24.072 Network size: 50	L: 6	trial: 9 Algorithm finished
07:48:24.072 Network size: 50	L: 6	trial: 9 Benchmark started
07:48:24.143 Network size: 50	L: 6	trial: 9 Benchmark finished
07:48:24.145 Network size: 100	L: 6	trial: 0 Algorithm started
07:48:24.592 Network size: 100	L: 6	trial: 0 Algorithm finished
07:48:24.592 Network size: 100	L: 6	trial: 0 Benchmark started
07:48:25.028 Network size: 100	L: 6	trial: 0 Benchmark finished
07:48:25.029 Network size: 100	L: 6	trial: 1 Algorithm started
07:48:25.576 Network size: 100	L: 6	trial: 1 Algorithm finished
07:48:25.576 Network size: 100	L: 6	trial: 1 Benchmark started
07:48:26.424 Network size: 100	L: 6	trial: 1 Benchmark finished
07:48:26.427 Network size: 100	L: 6	trial: 2 Algorithm started
07:48:26.705 Network size: 100	L: 6	trial: 2 Algorithm finished
07:48:26.705 Network size: 100	L: 6	trial: 2 Benchmark started
07:48:27.088 Network size: 100	L: 6	trial: 2 Benchmark finished
07:48:27.089 Network size: 100	L: 6	trial: 3 Algorithm started
07:48:27.364 Network size: 100	L: 6	trial: 3 Algorithm finished
07:48:27.364 Network size: 100	L: 6	trial: 3 Benchmark started
07:48:27.785 Network size: 100	L: 6	trial: 3 Benchmark finished
07:48:27.786 Network size: 100	L: 6	trial: 4 Algorithm started
07:48:27.981 Network size: 100	L: 6	trial: 4 Algorithm finished
07:48:27.981 Network size: 100	L: 6	trial: 4 Benchmark started
07:48:28.293 Network size: 100	L: 6	trial: 4 Benchmark finished
07:48:28.294 Network size: 100	L: 6	trial: 5 Algorithm started
07:48:28.557 Network size: 100	L: 6	trial: 5 Algorithm finished
07:48:28.557 Network size: 100	L: 6	trial: 5 Benchmark started
07:48:28.890 Network size: 100	L: 6	trial: 5 Benchmark finished
07:48:28.891 Network size: 100	L: 6	trial: 6 Algorithm started
07:48:29.057 Network size: 100	L: 6	trial: 6 Algorithm finished
07:48:29.057 Network size: 100	L: 6	trial: 6 Benchmark started
07:48:29.315 Network size: 100	L: 6	trial: 6 Benchmark finished
07:48:29.316 Network size: 100	L: 6	trial: 7 Algorithm started
07:48:29.663 Network size: 100	L: 6	trial: 7 Algorithm finished
07:48:29.663 Network size: 100	L: 6	trial: 7 Benchmark started
07:48:30.063 Network size: 100	L: 6	trial: 7 Benchmark finished
07:48:30.064 Network size: 100	L: 6	trial: 8 Algorithm started
07:48:30.233 Network size: 100	L: 6	trial: 8 Algorithm finished
07:48:30.233 Network size: 100	L: 6	trial: 8 Benchmark started
07:48:30.474 Network size: 100	L: 6	trial: 8 Benchmark finished
07:48:30.475 Network size: 100	L: 6	trial: 9 Algorithm started
07:48:30.985 Network size: 100	L: 6	trial: 9 Algorithm finished
07:48:30.985 Network size: 100	L: 6	trial: 9 Benchmark started
07:48:31.513 Network size: 100	L: 6	trial: 9 Benchmark finished
07:48:31.514 Network size: 150	L: 6	trial: 0 Algorithm started
07:48:31.980 Network size: 150	L: 6	trial: 0 Algorithm finished
07:48:31.980 Network size: 150	L: 6	trial: 0 Benchmark started
07:48:32.726 Network size: 150	L: 6	trial: 0 Benchmark finished
07:48:32.727 Network size: 150	L: 6	trial: 1 Algorithm started
07:48:33.405 Network size: 150	L: 6	trial: 1 Algorithm finished
07:48:33.405 Network size: 150	L: 6	trial: 1 Benchmark started
07:48:34.501 Network size: 150	L: 6	trial: 1 Benchmark finished
07:48:34.502 Network size: 150	L: 6	trial: 2 Algorithm started
07:48:35.211 Network size: 150	L: 6	trial: 2 Algorithm finished
07:48:35.212 Network size: 150	L: 6	trial: 2 Benchmark started
07:48:35.996 Network size: 150	L: 6	trial: 2 Benchmark finished
07:48:35.997 Network size: 150	L: 6	trial: 3 Algorithm started
07:48:36.484 Network size: 150	L: 6	trial: 3 Algorithm finished
07:48:36.484 Network size: 150	L: 6	trial: 3 Benchmark started
07:48:37.541 Network size: 150	L: 6	trial: 3 Benchmark finished
07:48:37.543 Network size: 150	L: 6	trial: 4 Algorithm started
07:48:38.204 Network size: 150	L: 6	trial: 4 Algorithm finished
07:48:38.204 Network size: 150	L: 6	trial: 4 Benchmark started
07:48:39.049 Network size: 150	L: 6	trial: 4 Benchmark finished
07:48:39.068 Network size: 150	L: 6	trial: 5 Algorithm started
07:48:39.549 Network size: 150	L: 6	trial: 5 Algorithm finished
07:48:39.549 Network size: 150	L: 6	trial: 5 Benchmark started
07:48:40.331 Network size: 150	L: 6	trial: 5 Benchmark finished
07:48:40.332 Network size: 150	L: 6	trial: 6 Algorithm started
07:48:41.231 Network size: 150	L: 6	trial: 6 Algorithm finished
07:48:41.231 Network size: 150	L: 6	trial: 6 Benchmark started
07:48:42.303 Network size: 150	L: 6	trial: 6 Benchmark finished
07:48:42.304 Network size: 150	L: 6	trial: 7 Algorithm started
07:48:42.911 Network size: 150	L: 6	trial: 7 Algorithm finished
07:48:42.911 Network size: 150	L: 6	trial: 7 Benchmark started
07:48:43.767 Network size: 150	L: 6	trial: 7 Benchmark finished
07:48:43.768 Network size: 150	L: 6	trial: 8 Algorithm started
07:48:44.542 Network size: 150	L: 6	trial: 8 Algorithm finished
07:48:44.542 Network size: 150	L: 6	trial: 8 Benchmark started
07:48:45.519 Network size: 150	L: 6	trial: 8 Benchmark finished
07:48:45.520 Network size: 150	L: 6	trial: 9 Algorithm started
07:48:45.985 Network size: 150	L: 6	trial: 9 Algorithm finished
07:48:45.985 Network size: 150	L: 6	trial: 9 Benchmark started
07:48:46.723 Network size: 150	L: 6	trial: 9 Benchmark finished
07:48:46.724 Network size: 200	L: 6	trial: 0 Algorithm started
07:48:47.732 Network size: 200	L: 6	trial: 0 Algorithm finished
07:48:47.732 Network size: 200	L: 6	trial: 0 Benchmark started
07:48:49.231 Network size: 200	L: 6	trial: 0 Benchmark finished
07:48:49.233 Network size: 200	L: 6	trial: 1 Algorithm started
07:48:49.862 Network size: 200	L: 6	trial: 1 Algorithm finished
07:48:49.862 Network size: 200	L: 6	trial: 1 Benchmark started
07:48:51.068 Network size: 200	L: 6	trial: 1 Benchmark finished
07:48:51.070 Network size: 200	L: 6	trial: 2 Algorithm started
07:48:52.135 Network size: 200	L: 6	trial: 2 Algorithm finished
07:48:52.135 Network size: 200	L: 6	trial: 2 Benchmark started
07:48:53.742 Network size: 200	L: 6	trial: 2 Benchmark finished
07:48:53.743 Network size: 200	L: 6	trial: 3 Algorithm started
07:48:54.767 Network size: 200	L: 6	trial: 3 Algorithm finished
07:48:54.767 Network size: 200	L: 6	trial: 3 Benchmark started
07:48:56.261 Network size: 200	L: 6	trial: 3 Benchmark finished
07:48:56.263 Network size: 200	L: 6	trial: 4 Algorithm started
07:48:57.201 Network size: 200	L: 6	trial: 4 Algorithm finished
07:48:57.201 Network size: 200	L: 6	trial: 4 Benchmark started
07:48:58.608 Network size: 200	L: 6	trial: 4 Benchmark finished
07:48:58.609 Network size: 200	L: 6	trial: 5 Algorithm started
07:48:59.226 Network size: 200	L: 6	trial: 5 Algorithm finished
07:48:59.226 Network size: 200	L: 6	trial: 5 Benchmark started
07:49:00.403 Network size: 200	L: 6	trial: 5 Benchmark finished
07:49:00.405 Network size: 200	L: 6	trial: 6 Algorithm started
07:49:01.205 Network size: 200	L: 6	trial: 6 Algorithm finished
07:49:01.205 Network size: 200	L: 6	trial: 6 Benchmark started
07:49:02.487 Network size: 200	L: 6	trial: 6 Benchmark finished
07:49:02.488 Network size: 200	L: 6	trial: 7 Algorithm started
07:49:03.319 Network size: 200	L: 6	trial: 7 Algorithm finished
07:49:03.319 Network size: 200	L: 6	trial: 7 Benchmark started
07:49:04.580 Network size: 200	L: 6	trial: 7 Benchmark finished
07:49:04.581 Network size: 200	L: 6	trial: 8 Algorithm started
07:49:05.208 Network size: 200	L: 6	trial: 8 Algorithm finished
07:49:05.209 Network size: 200	L: 6	trial: 8 Benchmark started
07:49:06.300 Network size: 200	L: 6	trial: 8 Benchmark finished
07:49:06.301 Network size: 200	L: 6	trial: 9 Algorithm started
07:49:07.113 Network size: 200	L: 6	trial: 9 Algorithm finished
07:49:07.113 Network size: 200	L: 6	trial: 9 Benchmark started
07:49:08.370 Network size: 200	L: 6	trial: 9 Benchmark finished
07:49:08.370 L:6 Cost
07:49:08.370 10 2.488129626624191 2.7943328076598513
07:49:08.370 50 2.77127594011617 5.958315180108881
07:49:08.370 100 2.8383447131661654 5.71256070072993
07:49:08.370 150 2.7216291808189004 5.254146851419492
07:49:08.370 200 2.821984235600244 5.520426630209928
07:49:08.370 L:6 Running time
07:49:08.370 10 1146.6347665712453 684.7895490202819
07:49:08.370 50 1397.827742058139 1581.6138742161643
07:49:08.370 100 9401.81184057039 10353.211935414414
07:49:08.370 150 8841.804375345075 13976.889662254835
07:49:08.371 200 14445.443588945665 21773.37432256398
